Removed Pin From Net: NetName=BATT_IN Pin=U4-3_1
Removed Pin From Net: NetName=BATT_IN Pin=U4-3_2
Removed Pin From Net: NetName=NetU4_5 Pin=U4-5_1
Removed Pin From Net: NetName=NetU4_5 Pin=U4-5_2
Removed Pin From Net: NetName=NetU4_5 Pin=U4-5_3
Removed Pin From Net: NetName=NetU4_5 Pin=U4-5_4
Removed Pin From Net: NetName=NetU4_5 Pin=U4-5_5
Removed Pin From Net: NetName=NetU4_5 Pin=U4-6_1
Removed Pin From Net: NetName=NetU4_5 Pin=U4-6_2
Removed Pin From Net: NetName=BATT_IN Pin=U5-3_1
Removed Pin From Net: NetName=BATT_IN Pin=U5-3_2
Removed Pin From Net: NetName=NetU5_5 Pin=U5-5_1
Removed Pin From Net: NetName=NetU5_5 Pin=U5-5_2
Removed Pin From Net: NetName=NetU5_5 Pin=U5-5_3
Removed Pin From Net: NetName=NetU5_5 Pin=U5-5_4
Removed Pin From Net: NetName=NetU5_5 Pin=U5-5_5
Removed Pin From Net: NetName=NetU5_5 Pin=U5-6_1
Removed Pin From Net: NetName=NetU5_5 Pin=U5-6_2
Change Component Footprint: Designator=U4 Old Footprint=CONV_TLVM23615RDNR New Footprint=CONV_TLVM23625RDNR
Change Component Footprint: Designator=U5 Old Footprint=CONV_TLVM23615RDNR New Footprint=CONV_TLVM23625RDNR
Change Component Comment : Designator=U4 Old Comment=TLVM23615RDNR New Comment=TLVM23625RDNR
Change Component Comment : Designator=U5 Old Comment=TLVM23615RDNR New Comment=TLVM23625RDNR
Change component parameters: Designator = "U4" ("U4"); Footprint = "CONV_TLVM23615RDNR"; UniqueID = "\ULXCPPLM" ("\ULXCPPLM")
Change component parameters (AddParameter): Name = "Availability"; Value = "Unavailable"; VariantName = "[No Variations]"
Change component parameters (AddParameter): Name = "MF"; Value = "{'manufacturer': u'Texas Instruments'}"; VariantName = "[No Variations]"
Change component parameters (AddParameter): Name = "MP"; Value = "TLVM23625RDNR"; VariantName = "[No Variations]"
Change component parameters (AddParameter): Name = "Package"; Value = "None"; VariantName = "[No Variations]"
Change component parameters (AddParameter): Name = "Price"; Value = "None"; VariantName = "[No Variations]"
Change component parameters (AddParameter): Name = "Value"; Value = ""; VariantName = "[No Variations]"
Change component parameters: Designator = "U5" ("U5"); Footprint = "CONV_TLVM23615RDNR"; UniqueID = "\PJUAJLJK" ("\PJUAJLJK")
Change component parameters (AddParameter): Name = "Availability"; Value = "Unavailable"; VariantName = "[No Variations]"
Change component parameters (AddParameter): Name = "MF"; Value = "{'manufacturer': u'Texas Instruments'}"; VariantName = "[No Variations]"
Change component parameters (AddParameter): Name = "MP"; Value = "TLVM23625RDNR"; VariantName = "[No Variations]"
Change component parameters (AddParameter): Name = "Package"; Value = "None"; VariantName = "[No Variations]"
Change component parameters (AddParameter): Name = "Price"; Value = "None"; VariantName = "[No Variations]"
Change component parameters (AddParameter): Name = "Value"; Value = ""; VariantName = "[No Variations]"
